TN:
SF:src/index.ts
FN:74,(anonymous_0)
FN:89,(anonymous_1)
FN:110,(anonymous_2)
FN:131,(anonymous_3)
FN:151,(anonymous_4)
FN:164,(anonymous_5)
FN:171,(anonymous_6)
FN:191,(anonymous_7)
FN:210,(anonymous_8)
FN:225,(anonymous_9)
FN:227,(anonymous_10)
FNF:11
FNH:10
FNDA:15,(anonymous_0)
FNDA:4,(anonymous_1)
FNDA:2,(anonymous_2)
FNDA:2,(anonymous_3)
FNDA:2,(anonymous_4)
FNDA:3,(anonymous_5)
FNDA:1,(anonymous_6)
FNDA:1,(anonymous_7)
FNDA:1,(anonymous_8)
FNDA:13,(anonymous_9)
FNDA:0,(anonymous_10)
DA:69,1
DA:75,15
DA:76,15
DA:77,15
DA:90,4
DA:92,4
DA:97,4
DA:98,1
DA:99,1
DA:102,3
DA:111,2
DA:113,2
DA:118,2
DA:119,0
DA:120,0
DA:123,2
DA:132,2
DA:134,2
DA:138,2
DA:139,1
DA:140,1
DA:143,1
DA:152,2
DA:154,2
DA:158,2
DA:159,0
DA:160,0
DA:163,2
DA:164,3
DA:172,1
DA:174,1
DA:178,1
DA:179,0
DA:180,0
DA:183,1
DA:192,1
DA:194,1
DA:198,1
DA:199,0
DA:200,0
DA:203,1
DA:211,1
DA:213,1
DA:217,1
DA:218,0
DA:219,0
DA:222,1
DA:226,13
DA:227,13
DA:229,13
DA:230,13
DA:239,13
DA:240,13
DA:242,0
DA:243,0
DA:244,0
DA:246,0
DA:252,1
DA:255,1
LF:59
LH:45
BRDA:74,0,0,1
BRDA:75,1,0,15
BRDA:75,1,1,2
BRDA:76,2,0,15
BRDA:76,2,1,15
BRDA:89,3,0,2
BRDA:90,4,0,1
BRDA:90,4,1,3
BRDA:97,5,0,1
BRDA:99,6,0,1
BRDA:99,6,1,0
BRDA:118,7,0,0
BRDA:120,8,0,0
BRDA:120,8,1,0
BRDA:138,9,0,1
BRDA:140,10,0,1
BRDA:140,10,1,0
BRDA:158,11,0,0
BRDA:160,12,0,0
BRDA:160,12,1,0
BRDA:178,13,0,0
BRDA:180,14,0,0
BRDA:180,14,1,0
BRDA:198,15,0,0
BRDA:200,16,0,0
BRDA:200,16,1,0
BRDA:217,17,0,0
BRDA:219,18,0,0
BRDA:219,18,1,0
BRDA:243,19,0,0
BRDA:243,20,0,0
BRDA:243,20,1,0
BRF:32
BRH:12
end_of_record
